<?xml version="1.0" encoding="UTF-8"?>
<testsuite xmlns:xsi="http://www.w3.org/2001/XMLSchema-instance" xsi:noNamespaceSchemaLocation="https://maven.apache.org/surefire/maven-surefire-plugin/xsd/surefire-test-report.xsd" name="cucumber.Options.TestRunner" time="12.197" tests="3" errors="0" skipped="0" failures="0">
  <properties>
[...]
</properties>
  <testcase name=": Verify if place is successfully added using AddPlaceAPI #1" classname="Validating place APIs" time="8.308"/>
  <testcase name=": Verify if place is successfully added using AddPlaceAPI #2" classname="Validating place APIs" time="1.208"/>
  <testcase name="Verify if Delete functionality is working" classname="Validating place APIs" time="0.666"/>
</testsuite>